<?xml version="1.0" encoding="UTF-8"?>
<!-- Generated by org.testng.reporters.JUnitXMLReporter -->
<testsuite hostname="LP-5CD8120X1W" ignored="0" name="Default test" tests="3" failures="0" timestamp="22 Jun 2021 06:56:05 GMT" time="181.561" errors="0">
  <testcase name="verifyLoginTest" time="1.933" classname="com.qa.tests.LoginPageTest"/>
  <testcase name="verifyLogoTest" time="14.263" classname="com.qa.tests.LoginPageTest"/>
  <testcase name="verifyTitleTest" time="0.199" classname="com.qa.tests.LoginPageTest"/>
</testsuite> <!-- Default test -->
