<?xml version="1.0" encoding="UTF-8"?>
<!-- Generated by org.testng.reporters.JUnitXMLReporter -->
<testsuite hostname="LP-5CD8120X1W" ignored="0" name="Test" tests="21" failures="0" timestamp="22 Jun 2021 07:29:08 GMT" time="1493.767" errors="0">
  <testcase name="verifyManagerTest" time="18.18" classname="com.qa.tests.HomePageTest"/>
  <testcase name="verifyTitleTest" time="9.378" classname="com.qa.tests.HomePageTest"/>
  <testcase name="accountLoginTest" time="5.654" classname="com.qa.tests.AccountPageTest"/>
  <testcase name="verifylogoTest" time="8.88" classname="com.qa.tests.AccountPageTest"/>
  <testcase name="verifyamountdepositTest" time="1.795" classname="com.qa.tests.DepositPageTest"/>
  <testcase name="verifylogoTest" time="8.237" classname="com.qa.tests.DepositPageTest"/>
  <testcase name="verifyEditCustomerTest" time="1.697" classname="com.qa.tests.EditCustomerPageTest"/>
  <testcase name="verifyLogoTest" time="10.214" classname="com.qa.tests.EditCustomerPageTest"/>
  <testcase name="verifyDeleteCustomerTest" time="0.976" classname="com.qa.tests.DeleteCustomerPageTest"/>
  <testcase name="verifyLogoTest" time="6.949" classname="com.qa.tests.DeleteCustomerPageTest"/>
  <testcase name="verifyLoginTest" time="3.562" classname="com.qa.tests.LoginPageTest"/>
  <testcase name="verifyLogoTest" time="15.309" classname="com.qa.tests.LoginPageTest"/>
  <testcase name="verifyTitleTest" time="0.12" classname="com.qa.tests.LoginPageTest"/>
  <testcase name="verifyLoginTest" time="0.76" classname="com.qa.tests.DeleteAccountPageTest"/>
  <testcase name="verifyLogoTest" time="9.245" classname="com.qa.tests.DeleteAccountPageTest"/>
  <testcase name="verifydeleteaccountTest" time="0.863" classname="com.qa.tests.DeleteAccountPageTest"/>
  <testcase name="verifyEditAccountTest" time="0.723" classname="com.qa.tests.EditAccountPageTest"/>
  <testcase name="verifyEditPageTest" time="1.012" classname="com.qa.tests.EditAccountPageTest"/>
  <testcase name="verifyLogoTest" time="8.045" classname="com.qa.tests.EditAccountPageTest"/>
  <testcase name="verifyCustomerLoginTest" time="9.381" classname="com.qa.tests.CustomerPageTest"/>
  <testcase name="verifyLogoTest" time="11.077" classname="com.qa.tests.CustomerPageTest"/>
</testsuite> <!-- Test -->
